GET /api/products/medicines 304 - - 275.504 ms
GET /api/products/healthcare 304 - - 275.853 ms
GET /api/products/pharmaceutical 304 - - 278.921 ms
GET /api/products/pharmaceutical 304 - - 249.150 ms
GET /api/products/medicines 304 - - 263.576 ms
GET /api/products/healthcare 304 - - 267.420 ms
GET /api/products/healthcare 304 - - 251.428 ms
GET /api/products/medicines 304 - - 276.353 ms
GET /api/products/pharmaceutical 304 - - 269.705 ms
GET /api/products/healthcare 304 - - 223.715 ms
GET /api/products/pharmaceutical 304 - - 228.973 ms
GET /api/products/medicines 304 - - 236.195 ms
GET /api/products/medicines 304 - - 1341.365 ms
GET /api/products/healthcare 304 - - 1412.392 ms
GET /api/products/medicines 304 - - 219.985 ms
GET /api/products/healthcare 304 - - 223.561 ms
GET /api/products/pharmaceutical 304 - - 2500.389 ms
GET /api/products/pharmaceutical 304 - - 218.262 ms
GET /api/products/pharmaceutical 304 - - 233.761 ms
GET /api/products/healthcare 304 - - 242.108 ms
GET /api/products/medicines 304 - - 254.057 ms
GET /api/products/medicines 304 - - 256.998 ms
GET /api/products/healthcare 304 - - 263.698 ms
GET /api/products/pharmaceutical 304 - - 270.630 ms
GET /api/products 304 - - 3226.464 ms
GET /api/products 304 - - 1275.696 ms
GET /api/products/healthcare 304 - - 248.196 ms
GET /api/products/medicines 304 - - 284.972 ms
GET /api/products/pharmaceutical 304 - - 257.295 ms
GET /api/products/healthcare 304 - - 221.065 ms
GET /api/products/pharmaceutical 304 - - 220.472 ms
GET /api/products/medicines 304 - - 225.491 ms
POST /api/auth/login 200 828 - 706.575 ms
GET /api/products/healthcare 304 - - 226.172 ms
GET /api/products/pharmaceutical 304 - - 233.759 ms
GET /api/products/medicines 304 - - 247.776 ms
GET /api/products/healthcare 304 - - 225.229 ms
GET /api/products/pharmaceutical 304 - - 224.454 ms
GET /api/products/medicines 304 - - 224.580 ms
GET /api/products/healthcare 304 - - 1372.356 ms
GET /api/products/medicines 304 - - 1447.532 ms
GET /api/products/healthcare 304 - - 215.223 ms
GET /api/products/medicines 304 - - 233.507 ms
GET /api/products/pharmaceutical 304 - - 2499.201 ms
GET /api/products/pharmaceutical 304 - - 227.854 ms
POST /api/auth/login 200 822 - 2403.289 ms
GET /api/products/pharmaceutical 304 - - 237.565 ms
GET /api/products/medicines 304 - - 256.973 ms
GET /api/products/healthcare 304 - - 258.806 ms
GET /api/products/pharmaceutical 304 - - 213.027 ms
GET /api/products/healthcare 304 - - 224.960 ms
GET /api/products/medicines 304 - - 229.893 ms
