GET /api/products/healthcare 304 - - 254.517 ms
GET /api/products/medicines 304 - - 268.414 ms
GET /api/products/pharmaceutical 304 - - 259.507 ms
GET /api/products/pharmaceutical 304 - - 236.690 ms
GET /api/products/healthcare 304 - - 248.686 ms
GET /api/products/medicines 304 - - 254.565 ms
POST /api/auth/login 200 41 - 660.258 ms
POST /api/auth/login 200 684 - 931.074 ms
GET /api/products/pharmaceutical 304 - - 232.901 ms
GET /api/products/medicines 304 - - 247.619 ms
GET /api/products/healthcare 304 - - 252.587 ms
GET /api/products/healthcare 304 - - 240.391 ms
GET /api/products/pharmaceutical 304 - - 252.881 ms
GET /api/products/medicines 304 - - 257.149 ms
GET /api/products/pharmaceutical 304 - - 230.540 ms
GET /api/products/medicines 304 - - 237.468 ms
GET /api/products/healthcare 304 - - 243.336 ms
GET /api/products/medicines 304 - - 235.001 ms
GET /api/products/pharmaceutical 304 - - 242.980 ms
GET /api/products/healthcare 304 - - 246.879 ms
POST /api/auth/login 200 41 - 490.869 ms
POST /api/auth/login 200 41 - 565.058 ms
POST /api/auth/login 200 41 - 2852.640 ms
POST /api/auth/login 200 664 - 3361.604 ms
GET /api/products/medicines 304 - - 252.812 ms
GET /api/products/healthcare 304 - - 316.584 ms
GET /api/products/pharmaceutical 304 - - 318.161 ms
GET /api/products/medicines 304 - - 238.634 ms
GET /api/products/pharmaceutical 304 - - 243.576 ms
GET /api/products/healthcare 304 - - 256.227 ms
GET /api/products/medicines 304 - - 249.639 ms
GET /api/products/medicines 304 - - 252.451 ms
POST /api/services/payment 500 2013 - 1075.753 ms
GET /api/products/medicines 304 - - 239.125 ms
GET /api/products/medicines 304 - - 266.741 ms
GET /api/products/medicines 304 - - 258.524 ms
GET /api/products/medicines 304 - - 255.290 ms
GET /api/products/healthcare 200 3508 - 234.505 ms
GET /api/products/medicines 200 4822 - 250.866 ms
GET /api/products/pharmaceutical 200 3829 - 243.166 ms
GET /api/products/pharmaceutical 304 - - 220.640 ms
GET /api/products/healthcare 304 - - 227.989 ms
GET /api/products/medicines 304 - - 229.995 ms
GET /api/products/pharmaceutical 304 - - 223.484 ms
GET /api/products/healthcare 304 - - 246.168 ms
GET /api/products/medicines 304 - - 259.693 ms
GET /api/products/pharmaceutical 304 - - 245.120 ms
GET /api/products/healthcare 304 - - 236.434 ms
GET /api/products/medicines 304 - - 238.269 ms
GET /api/products/medicines 304 - - 222.090 ms
GET /api/products/medicines 304 - - 220.329 ms
GET /api/products/medicines 304 - - 233.758 ms
GET /api/products/medicines 304 - - 265.779 ms
GET /api/products/healthcare 304 - - 255.140 ms
GET /api/products/healthcare 304 - - 242.267 ms
GET /api/products/healthcare 304 - - 228.274 ms
GET /api/products/healthcare 304 - - 221.794 ms
GET /api/products/healthcare 304 - - 285.591 ms
GET /api/products/healthcare 304 - - 222.263 ms
POST /api/products/644369d3ad38ccc830a698b3 200 204 - 245.796 ms
POST /api/products/644369d3ad38ccc830a698b3 200 204 - 342.204 ms
GET /api/services/allcomments 200 3775 - 592.546 ms
GET /api/services/allcomments 304 - - 511.078 ms
GET /api/products/healthcare 304 - - 250.068 ms
GET /api/products/healthcare 304 - - 317.113 ms
GET /api/products/healthcare 304 - - 371.933 ms
GET /api/products/healthcare 304 - - 245.910 ms
GET /api/products/medicines 304 - - 242.196 ms
GET /api/products/medicines 304 - - 228.837 ms
POST /api/auth/adminLogin 200 15 - 227.269 ms
GET /api/services/alltransactions 200 946 - 250.852 ms
GET /api/users 200 3090 - 256.756 ms
GET /api/users 304 - - 225.624 ms
GET /api/products 200 28612 - 232.665 ms
GET /api/services/alltransactions 304 - - 222.823 ms
GET /api/users 304 - - 226.964 ms
GET /api/users 304 - - 225.934 ms
GET /api/products 304 - - 236.593 ms
GET /api/users 304 - - 256.632 ms
GET /api/services/alltransactions 304 - - 254.999 ms
GET /api/users 304 - - 241.629 ms
GET /api/products 304 - - 253.675 ms
GET /api/users 304 - - 292.417 ms
GET /api/products 304 - - 249.260 ms
GET /api/users 304 - - 256.899 ms
GET /api/services/alltransactions 304 - - 625.175 ms
GET /api/users 304 - - 253.415 ms
GET /api/services/alltransactions 304 - - 276.525 ms
GET /api/users 304 - - 229.557 ms
GET /api/products 304 - - 242.801 ms
GET /api/products/medicines 304 - - 244.170 ms
GET /api/products/medicines 304 - - 305.959 ms
GET /api/products/healthcare 304 - - 253.488 ms
GET /api/products/healthcare 304 - - 232.675 ms
GET /api/products/healthcare 304 - - 239.983 ms
GET /api/products/medicines 304 - - 251.155 ms
GET /api/products/pharmaceutical 304 - - 259.322 ms
GET /api/products/healthcare 304 - - 244.981 ms
GET /api/products/medicines 304 - - 248.145 ms
GET /api/products/pharmaceutical 304 - - 256.489 ms
POST /api/auth/adminLogin 200 15 - 276.524 ms
GET /api/users 304 - - 252.241 ms
GET /api/services/alltransactions 304 - - 251.076 ms
GET /api/products 304 - - 296.576 ms
GET /api/users 304 - - 305.054 ms
GET /api/services/prescriptioncheck 200 1076 - 1570.256 ms
POST /api/products/644437c06d377028622a35f7 200 4 - 245.681 ms
GET /api/products/medicines 304 - - 292.725 ms
GET /api/products/healthcare 304 - - 298.605 ms
GET /api/products/pharmaceutical 304 - - 301.593 ms
GET /api/products/pharmaceutical 304 - - 354.916 ms
GET /api/products/healthcare 304 - - 358.541 ms
GET /api/products/medicines 304 - - 362.733 ms
POST /api/auth/adminLogin 200 15 - 228.809 ms
GET /api/users 304 - - 255.032 ms
GET /api/services/alltransactions 304 - - 254.117 ms
GET /api/users 304 - - 234.223 ms
GET /api/products 304 - - 244.672 ms
GET /api/services/alltransactions 304 - - 261.834 ms
GET /api/services/alltransactions 304 - - 248.026 ms
GET /api/services/alltransactions 304 - - 228.414 ms
GET /api/services/alltransactions 304 - - 226.909 ms
GET /api/services/alltransactions 304 - - 228.250 ms
GET /api/products 304 - - 262.183 ms
GET /api/services/prescriptioncheck 200 1076 - 473.659 ms
GET /api/users 304 - - 232.793 ms
GET /api/services/alltransactions 304 - - 226.692 ms
GET /api/users 304 - - 232.533 ms
GET /api/users 304 - - 231.054 ms
GET /api/products 304 - - 238.562 ms
GET /api/services/alltransactions 304 - - 226.938 ms
GET /api/services/allqueries 200 814 - 4911.609 ms
GET /api/services/allTransactions 200 946 - 240.141 ms
GET /api/services/prescriptioncheck 200 1076 - 494.021 ms
GET /api/users/644436eb6d377028622a35e1 200 435 - 249.076 ms
POST /api/products/644369d3ad38ccc830a698b1 200 256 - 242.306 ms
